ERROR - 2025-07-16 08:56:27 --> Error connecting to the database: mysqli_sql_exception: No connection could be made because the target machine actively refused it in C:\Users\User\Documents\dafpus skripsi\web\Update_Web\newwebsite\marketplace (2)\marketplace\system\Database\MySQLi\Connection.php:201
Stack trace:
#0 C:\Users\User\Documents\dafpus skripsi\web\Update_Web\newwebsite\marketplace (2)\marketplace\system\Database\MySQLi\Connection.php(201): mysqli->real_connect()
#1 C:\Users\User\Documents\dafpus skripsi\web\Update_Web\newwebsite\marketplace (2)\marketplace\system\Database\BaseConnection.php(421): CodeIgniter\Database\MySQLi\Connection->connect()
#2 C:\Users\User\Documents\dafpus skripsi\web\Update_Web\newwebsite\marketplace (2)\marketplace\system\Database\BaseConnection.php(620): CodeIgniter\Database\BaseConnection->initialize()
#3 C:\Users\User\Documents\dafpus skripsi\web\Update_Web\newwebsite\marketplace (2)\marketplace\system\Database\BaseBuilder.php(1649): CodeIgniter\Database\BaseConnection->query()
#4 C:\Users\User\Documents\dafpus skripsi\web\Update_Web\newwebsite\marketplace (2)\marketplace\system\Model.php(286): CodeIgniter\Database\BaseBuilder->get()
#5 C:\Users\User\Documents\dafpus skripsi\web\Update_Web\newwebsite\marketplace (2)\marketplace\system\BaseModel.php(679): CodeIgniter\Model->doFindAll()
#6 C:\Users\User\Documents\dafpus skripsi\web\Update_Web\newwebsite\marketplace (2)\marketplace\app\Controllers\Home.php(18): CodeIgniter\BaseModel->findAll()
#7 C:\Users\User\Documents\dafpus skripsi\web\Update_Web\newwebsite\marketplace (2)\marketplace\system\CodeIgniter.php(933): App\Controllers\Home->index()
#8 C:\Users\User\Documents\dafpus skripsi\web\Update_Web\newwebsite\marketplace (2)\marketplace\system\CodeIgniter.php(507): CodeIgniter\CodeIgniter->runController()
#9 C:\Users\User\Documents\dafpus skripsi\web\Update_Web\newwebsite\marketplace (2)\marketplace\system\CodeIgniter.php(354): CodeIgniter\CodeIgniter->handleRequest()
#10 C:\Users\User\Documents\dafpus skripsi\web\Update_Web\newwebsite\marketplace (2)\marketplace\system\Boot.php(334): CodeIgniter\CodeIgniter->run()
#11 C:\Users\User\Documents\dafpus skripsi\web\Update_Web\newwebsite\marketplace (2)\marketplace\system\Boot.php(67): CodeIgniter\Boot::runCodeIgniter()
#12 C:\Users\User\Documents\dafpus skripsi\web\Update_Web\newwebsite\marketplace (2)\marketplace\public\index.php(59): CodeIgniter\Boot::bootWeb()
#13 C:\Users\User\Documents\dafpus skripsi\web\Update_Web\newwebsite\marketplace (2)\marketplace\system\rewrite.php(44): require_once('...')
#14 {main}

Next CodeIgniter\Database\Exceptions\DatabaseException: No connection could be made because the target machine actively refused it in C:\Users\User\Documents\dafpus skripsi\web\Update_Web\newwebsite\marketplace (2)\marketplace\system\Database\MySQLi\Connection.php:246
Stack trace:
#0 C:\Users\User\Documents\dafpus skripsi\web\Update_Web\newwebsite\marketplace (2)\marketplace\system\Database\BaseConnection.php(421): CodeIgniter\Database\MySQLi\Connection->connect()
#1 C:\Users\User\Documents\dafpus skripsi\web\Update_Web\newwebsite\marketplace (2)\marketplace\system\Database\BaseConnection.php(620): CodeIgniter\Database\BaseConnection->initialize()
#2 C:\Users\User\Documents\dafpus skripsi\web\Update_Web\newwebsite\marketplace (2)\marketplace\system\Database\BaseBuilder.php(1649): CodeIgniter\Database\BaseConnection->query()
#3 C:\Users\User\Documents\dafpus skripsi\web\Update_Web\newwebsite\marketplace (2)\marketplace\system\Model.php(286): CodeIgniter\Database\BaseBuilder->get()
#4 C:\Users\User\Documents\dafpus skripsi\web\Update_Web\newwebsite\marketplace (2)\marketplace\system\BaseModel.php(679): CodeIgniter\Model->doFindAll()
#5 C:\Users\User\Documents\dafpus skripsi\web\Update_Web\newwebsite\marketplace (2)\marketplace\app\Controllers\Home.php(18): CodeIgniter\BaseModel->findAll()
#6 C:\Users\User\Documents\dafpus skripsi\web\Update_Web\newwebsite\marketplace (2)\marketplace\system\CodeIgniter.php(933): App\Controllers\Home->index()
#7 C:\Users\User\Documents\dafpus skripsi\web\Update_Web\newwebsite\marketplace (2)\marketplace\system\CodeIgniter.php(507): CodeIgniter\CodeIgniter->runController()
#8 C:\Users\User\Documents\dafpus skripsi\web\Update_Web\newwebsite\marketplace (2)\marketplace\system\CodeIgniter.php(354): CodeIgniter\CodeIgniter->handleRequest()
#9 C:\Users\User\Documents\dafpus skripsi\web\Update_Web\newwebsite\marketplace (2)\marketplace\system\Boot.php(334): CodeIgniter\CodeIgniter->run()
#10 C:\Users\User\Documents\dafpus skripsi\web\Update_Web\newwebsite\marketplace (2)\marketplace\system\Boot.php(67): CodeIgniter\Boot::runCodeIgniter()
#11 C:\Users\User\Documents\dafpus skripsi\web\Update_Web\newwebsite\marketplace (2)\marketplace\public\index.php(59): CodeIgniter\Boot::bootWeb()
#12 C:\Users\User\Documents\dafpus skripsi\web\Update_Web\newwebsite\marketplace (2)\marketplace\system\rewrite.php(44): require_once('...')
#13 {main}
CRITICAL - 2025-07-16 08:56:27 --> CodeIgniter\Database\Exceptions\DatabaseException: Unable to connect to the database.
Main connection [MySQLi]: No connection could be made because the target machine actively refused it
[Method: GET, Route: /]
in SYSTEMPATH\Database\BaseConnection.php on line 467.
 1 SYSTEMPATH\Database\BaseConnection.php(620): CodeIgniter\Database\BaseConnection->initialize()
 2 SYSTEMPATH\Database\BaseBuilder.php(1649): CodeIgniter\Database\BaseConnection->query()
 3 SYSTEMPATH\Model.php(286): CodeIgniter\Database\BaseBuilder->get()
 4 SYSTEMPATH\BaseModel.php(679): CodeIgniter\Model->doFindAll()
 5 APPPATH\Controllers\Home.php(18): CodeIgniter\BaseModel->findAll()
 6 SYSTEMPATH\CodeIgniter.php(933): App\Controllers\Home->index()
 7 SYSTEMPATH\CodeIgniter.php(507): CodeIgniter\CodeIgniter->runController()
 8 SYSTEMPATH\CodeIgniter.php(354): CodeIgniter\CodeIgniter->handleRequest()
 9 SYSTEMPATH\Boot.php(334): CodeIgniter\CodeIgniter->run()
10 SYSTEMPATH\Boot.php(67): CodeIgniter\Boot::runCodeIgniter()
11 FCPATH\index.php(59): CodeIgniter\Boot::bootWeb()
12 SYSTEMPATH\rewrite.php(44): require_once('C:\\Users\\User\\Documents\\dafpus skripsi\\web\\Update_Web\\newwebsite\\marketplace (2)\\marketplace\\public\\index.php')
DEBUG - 2025-07-16 08:57:06 --> Session: Class initialized using 'CodeIgniter\Session\Handlers\FileHandler' driver.
DEBUG - 2025-07-16 08:57:08 --> Session: Class initialized using 'CodeIgniter\Session\Handlers\FileHandler' driver.
DEBUG - 2025-07-16 08:57:24 --> Session: Class initialized using 'CodeIgniter\Session\Handlers\FileHandler' driver.
DEBUG - 2025-07-16 08:57:25 --> Session: Class initialized using 'CodeIgniter\Session\Handlers\FileHandler' driver.
DEBUG - 2025-07-16 08:57:44 --> Session: Class initialized using 'CodeIgniter\Session\Handlers\FileHandler' driver.
DEBUG - 2025-07-16 08:57:45 --> Session: Class initialized using 'CodeIgniter\Session\Handlers\FileHandler' driver.
DEBUG - 2025-07-16 08:57:46 --> Session: Class initialized using 'CodeIgniter\Session\Handlers\FileHandler' driver.
DEBUG - 2025-07-16 08:57:49 --> Session: Class initialized using 'CodeIgniter\Session\Handlers\FileHandler' driver.
DEBUG - 2025-07-16 08:57:50 --> Session: Class initialized using 'CodeIgniter\Session\Handlers\FileHandler' driver.
DEBUG - 2025-07-16 08:57:52 --> Session: Class initialized using 'CodeIgniter\Session\Handlers\FileHandler' driver.
DEBUG - 2025-07-16 08:57:55 --> Session: Class initialized using 'CodeIgniter\Session\Handlers\FileHandler' driver.
DEBUG - 2025-07-16 08:57:57 --> Session: Class initialized using 'CodeIgniter\Session\Handlers\FileHandler' driver.
DEBUG - 2025-07-16 08:58:01 --> Session: Class initialized using 'CodeIgniter\Session\Handlers\FileHandler' driver.
DEBUG - 2025-07-16 08:58:02 --> Session: Class initialized using 'CodeIgniter\Session\Handlers\FileHandler' driver.
INFO - 2025-07-16 08:58:02 --> Array
(
    [0] => Array
        (
            [id] => 71
            [order_code] => 371c93b8-0889-4b09-a62c-bfcf755ad295
            [total_price] => 60990
            [status] => pending
            [products] => [{"id":32,"quantity":1,"price":60990,"name":"Panci Masak Mie Dan Air","description":"alumunium ini sangat cocok untuk masak","image":"1752581573_6c848cf2ad72be8b47a5.jpg"}]
        )

)

DEBUG - 2025-07-16 08:58:04 --> Session: Class initialized using 'CodeIgniter\Session\Handlers\FileHandler' driver.
DEBUG - 2025-07-16 08:58:38 --> Session: Class initialized using 'CodeIgniter\Session\Handlers\FileHandler' driver.
INFO - 2025-07-16 08:58:38 --> Array
(
    [0] => Array
        (
            [id] => 71
            [order_code] => 371c93b8-0889-4b09-a62c-bfcf755ad295
            [total_price] => 60990
            [status] => paid
            [products] => [{"id":32,"quantity":1,"price":60990,"name":"Panci Masak Mie Dan Air","description":"alumunium ini sangat cocok untuk masak","image":"1752581573_6c848cf2ad72be8b47a5.jpg"}]
        )

)

DEBUG - 2025-07-16 08:58:40 --> Session: Class initialized using 'CodeIgniter\Session\Handlers\FileHandler' driver.
DEBUG - 2025-07-16 08:58:50 --> Session: Class initialized using 'CodeIgniter\Session\Handlers\FileHandler' driver.
DEBUG - 2025-07-16 08:58:57 --> Session: Class initialized using 'CodeIgniter\Session\Handlers\FileHandler' driver.
DEBUG - 2025-07-16 08:58:57 --> Session: Class initialized using 'CodeIgniter\Session\Handlers\FileHandler' driver.
INFO - 2025-07-16 08:58:57 --> Array
(
    [0] => Array
        (
            [id] => 70
            [order_code] => 1d01b079-089b-45e1-98b6-e5626c3cc37a
            [total_price] => 81990
            [status] => approved
            [payment_image] => 1752581790_253bc42a265358ea5c70.jpg
            [address] => poncab
            [username] => rendy
            [products] => [{"id":32,"quantity":1,"price":60990,"name":"Panci Masak Mie Dan Air","description":"alumunium ini sangat cocok untuk masak"}]
        )

    [1] => Array
        (
            [id] => 71
            [order_code] => 371c93b8-0889-4b09-a62c-bfcf755ad295
            [total_price] => 60990
            [status] => paid
            [payment_image] => 1752656318_a8893688d82ec1ad8e0a.jpeg
            [address] => depok 
            [username] => rendy
            [products] => [{"id":32,"quantity":1,"price":60990,"name":"Panci Masak Mie Dan Air","description":"alumunium ini sangat cocok untuk masak"}]
        )

)

DEBUG - 2025-07-16 09:02:48 --> Session: Class initialized using 'CodeIgniter\Session\Handlers\FileHandler' driver.
INFO - 2025-07-16 09:02:48 --> Array
(
    [0] => Array
        (
            [id] => 70
            [order_code] => 1d01b079-089b-45e1-98b6-e5626c3cc37a
            [total_price] => 81990
            [status] => approved
            [payment_image] => 1752581790_253bc42a265358ea5c70.jpg
            [address] => poncab
            [username] => rendy
            [products] => [{"id":32,"quantity":1,"price":60990,"name":"Panci Masak Mie Dan Air","description":"alumunium ini sangat cocok untuk masak"}]
        )

    [1] => Array
        (
            [id] => 71
            [order_code] => 371c93b8-0889-4b09-a62c-bfcf755ad295
            [total_price] => 60990
            [status] => paid
            [payment_image] => 1752656318_a8893688d82ec1ad8e0a.jpeg
            [address] => depok 
            [username] => rendy
            [products] => [{"id":32,"quantity":1,"price":60990,"name":"Panci Masak Mie Dan Air","description":"alumunium ini sangat cocok untuk masak"}]
        )

)

INFO - 2025-07-16 09:02:48 --> Array
(
    [0] => Array
        (
            [id] => 2
            [name] => Alat masak
        )

    [1] => Array
        (
            [id] => 3
            [name] => Alat pembersih
        )

    [2] => Array
        (
            [id] => 4
            [name] => Alat makan
        )

)

DEBUG - 2025-07-16 09:05:52 --> Session: Class initialized using 'CodeIgniter\Session\Handlers\FileHandler' driver.
INFO - 2025-07-16 09:05:52 --> Array
(
    [0] => Array
        (
            [id] => 70
            [order_code] => 1d01b079-089b-45e1-98b6-e5626c3cc37a
            [total_price] => 81990
            [status] => approved
            [payment_image] => 1752581790_253bc42a265358ea5c70.jpg
            [address] => poncab
            [username] => rendy
            [products] => [{"id":32,"quantity":1,"price":60990,"name":"Panci Masak Mie Dan Air","description":"alumunium ini sangat cocok untuk masak"}]
        )

    [1] => Array
        (
            [id] => 71
            [order_code] => 371c93b8-0889-4b09-a62c-bfcf755ad295
            [total_price] => 60990
            [status] => paid
            [payment_image] => 1752656318_a8893688d82ec1ad8e0a.jpeg
            [address] => depok 
            [username] => rendy
            [products] => [{"id":32,"quantity":1,"price":60990,"name":"Panci Masak Mie Dan Air","description":"alumunium ini sangat cocok untuk masak"}]
        )

)

INFO - 2025-07-16 09:05:52 --> Array
(
    [0] => Array
        (
            [id] => 2
            [name] => Alat masak
        )

    [1] => Array
        (
            [id] => 3
            [name] => Alat pembersih
        )

    [2] => Array
        (
            [id] => 4
            [name] => Alat makan
        )

)

DEBUG - 2025-07-16 09:05:58 --> Session: Class initialized using 'CodeIgniter\Session\Handlers\FileHandler' driver.
INFO - 2025-07-16 09:05:58 --> Array
(
    [0] => Array
        (
            [id] => 70
            [order_code] => 1d01b079-089b-45e1-98b6-e5626c3cc37a
            [total_price] => 81990
            [status] => approved
            [payment_image] => 1752581790_253bc42a265358ea5c70.jpg
            [address] => poncab
            [username] => rendy
            [products] => [{"id":32,"quantity":1,"price":60990,"name":"Panci Masak Mie Dan Air","description":"alumunium ini sangat cocok untuk masak"}]
        )

    [1] => Array
        (
            [id] => 71
            [order_code] => 371c93b8-0889-4b09-a62c-bfcf755ad295
            [total_price] => 60990
            [status] => paid
            [payment_image] => 1752656318_a8893688d82ec1ad8e0a.jpeg
            [address] => depok 
            [username] => rendy
            [products] => [{"id":32,"quantity":1,"price":60990,"name":"Panci Masak Mie Dan Air","description":"alumunium ini sangat cocok untuk masak"}]
        )

)

INFO - 2025-07-16 09:05:58 --> Array
(
    [0] => Array
        (
            [id] => 2
            [name] => Alat masak
        )

    [1] => Array
        (
            [id] => 3
            [name] => Alat pembersih
        )

    [2] => Array
        (
            [id] => 4
            [name] => Alat makan
        )

)

DEBUG - 2025-07-16 09:07:33 --> Session: Class initialized using 'CodeIgniter\Session\Handlers\FileHandler' driver.
INFO - 2025-07-16 09:07:33 --> Array
(
)

INFO - 2025-07-16 09:07:33 --> Array
(
    [0] => Array
        (
            [id] => 2
            [name] => Alat masak
        )

    [1] => Array
        (
            [id] => 3
            [name] => Alat pembersih
        )

    [2] => Array
        (
            [id] => 4
            [name] => Alat makan
        )

)

DEBUG - 2025-07-16 09:08:04 --> Session: Class initialized using 'CodeIgniter\Session\Handlers\FileHandler' driver.
DEBUG - 2025-07-16 09:08:05 --> Session: Class initialized using 'CodeIgniter\Session\Handlers\FileHandler' driver.
DEBUG - 2025-07-16 09:08:06 --> Session: Class initialized using 'CodeIgniter\Session\Handlers\FileHandler' driver.
DEBUG - 2025-07-16 09:08:09 --> Session: Class initialized using 'CodeIgniter\Session\Handlers\FileHandler' driver.
DEBUG - 2025-07-16 09:08:42 --> Session: Class initialized using 'CodeIgniter\Session\Handlers\FileHandler' driver.
DEBUG - 2025-07-16 09:08:50 --> Session: Class initialized using 'CodeIgniter\Session\Handlers\FileHandler' driver.
DEBUG - 2025-07-16 09:08:50 --> Session: Class initialized using 'CodeIgniter\Session\Handlers\FileHandler' driver.
INFO - 2025-07-16 09:08:50 --> Array
(
)

INFO - 2025-07-16 09:08:50 --> Array
(
    [0] => Array
        (
            [id] => 2
            [name] => Alat masak
        )

    [1] => Array
        (
            [id] => 3
            [name] => Alat pembersih
        )

    [2] => Array
        (
            [id] => 4
            [name] => Alat makan
        )

)

DEBUG - 2025-07-16 09:08:57 --> Session: Class initialized using 'CodeIgniter\Session\Handlers\FileHandler' driver.
INFO - 2025-07-16 09:08:57 --> Array
(
)

INFO - 2025-07-16 09:08:57 --> Array
(
    [0] => Array
        (
            [id] => 2
            [name] => Alat masak
        )

    [1] => Array
        (
            [id] => 3
            [name] => Alat pembersih
        )

    [2] => Array
        (
            [id] => 4
            [name] => Alat makan
        )

)

DEBUG - 2025-07-16 09:14:32 --> Session: Class initialized using 'CodeIgniter\Session\Handlers\FileHandler' driver.
INFO - 2025-07-16 09:14:32 --> Array
(
)

INFO - 2025-07-16 09:14:32 --> Array
(
    [0] => Array
        (
            [id] => 2
            [name] => Alat masak
        )

    [1] => Array
        (
            [id] => 3
            [name] => Alat pembersih
        )

    [2] => Array
        (
            [id] => 4
            [name] => Alat makan
        )

)

DEBUG - 2025-07-16 09:14:47 --> Session: Class initialized using 'CodeIgniter\Session\Handlers\FileHandler' driver.
DEBUG - 2025-07-16 09:14:47 --> Session: Class initialized using 'CodeIgniter\Session\Handlers\FileHandler' driver.
DEBUG - 2025-07-16 09:14:47 --> Session: Class initialized using 'CodeIgniter\Session\Handlers\FileHandler' driver.
DEBUG - 2025-07-16 09:14:49 --> Session: Class initialized using 'CodeIgniter\Session\Handlers\FileHandler' driver.
DEBUG - 2025-07-16 09:14:52 --> Session: Class initialized using 'CodeIgniter\Session\Handlers\FileHandler' driver.
DEBUG - 2025-07-16 09:14:54 --> Session: Class initialized using 'CodeIgniter\Session\Handlers\FileHandler' driver.
DEBUG - 2025-07-16 09:15:07 --> Session: Class initialized using 'CodeIgniter\Session\Handlers\FileHandler' driver.
DEBUG - 2025-07-16 09:15:07 --> Session: Class initialized using 'CodeIgniter\Session\Handlers\FileHandler' driver.
DEBUG - 2025-07-16 09:15:08 --> Session: Class initialized using 'CodeIgniter\Session\Handlers\FileHandler' driver.
DEBUG - 2025-07-16 09:15:16 --> Session: Class initialized using 'CodeIgniter\Session\Handlers\FileHandler' driver.
DEBUG - 2025-07-16 09:15:17 --> Session: Class initialized using 'CodeIgniter\Session\Handlers\FileHandler' driver.
DEBUG - 2025-07-16 09:15:21 --> Session: Class initialized using 'CodeIgniter\Session\Handlers\FileHandler' driver.
DEBUG - 2025-07-16 09:15:22 --> Session: Class initialized using 'CodeIgniter\Session\Handlers\FileHandler' driver.
DEBUG - 2025-07-16 09:15:25 --> Session: Class initialized using 'CodeIgniter\Session\Handlers\FileHandler' driver.
DEBUG - 2025-07-16 09:15:28 --> Session: Class initialized using 'CodeIgniter\Session\Handlers\FileHandler' driver.
DEBUG - 2025-07-16 09:15:29 --> Session: Class initialized using 'CodeIgniter\Session\Handlers\FileHandler' driver.
DEBUG - 2025-07-16 09:15:37 --> Session: Class initialized using 'CodeIgniter\Session\Handlers\FileHandler' driver.
DEBUG - 2025-07-16 09:15:37 --> Session: Class initialized using 'CodeIgniter\Session\Handlers\FileHandler' driver.
INFO - 2025-07-16 09:15:37 --> Array
(
    [0] => Array
        (
            [id] => 72
            [order_code] => 7972cd7c-c3ec-47c9-8761-c422e46acae1
            [total_price] => 60990
            [status] => pending
            [products] => [{"id":33,"quantity":1,"price":60990,"name":"Panci Masak Mie Dan Air","description":"panci ini terbuat dari bahan alumunium yang berbahan 22 oz sangat bagus untuk kami","image":"1752657272_bdd894fe800d2086cf42.jpg"}]
        )

)

DEBUG - 2025-07-16 09:15:38 --> Session: Class initialized using 'CodeIgniter\Session\Handlers\FileHandler' driver.
DEBUG - 2025-07-16 09:16:03 --> Session: Class initialized using 'CodeIgniter\Session\Handlers\FileHandler' driver.
DEBUG - 2025-07-16 09:16:05 --> Session: Class initialized using 'CodeIgniter\Session\Handlers\FileHandler' driver.
DEBUG - 2025-07-16 09:16:10 --> Session: Class initialized using 'CodeIgniter\Session\Handlers\FileHandler' driver.
DEBUG - 2025-07-16 09:16:17 --> Session: Class initialized using 'CodeIgniter\Session\Handlers\FileHandler' driver.
DEBUG - 2025-07-16 09:16:17 --> Session: Class initialized using 'CodeIgniter\Session\Handlers\FileHandler' driver.
INFO - 2025-07-16 09:16:17 --> Array
(
    [0] => Array
        (
            [id] => 72
            [order_code] => 7972cd7c-c3ec-47c9-8761-c422e46acae1
            [total_price] => 60990
            [status] => pending
            [payment_image] => 
            [address] => 
            [username] => rendy
            [products] => [{"id":33,"quantity":1,"price":60990,"name":"Panci Masak Mie Dan Air","description":"panci ini terbuat dari bahan alumunium yang berbahan 22 oz sangat bagus untuk kami"}]
        )

)

INFO - 2025-07-16 09:16:17 --> Array
(
    [0] => Array
        (
            [id] => 2
            [name] => Alat masak
        )

    [1] => Array
        (
            [id] => 3
            [name] => Alat pembersih
        )

    [2] => Array
        (
            [id] => 4
            [name] => Alat makan
        )

)

DEBUG - 2025-07-16 09:16:57 --> Session: Class initialized using 'CodeIgniter\Session\Handlers\FileHandler' driver.
INFO - 2025-07-16 09:16:57 --> Array
(
)

CRITICAL - 2025-07-16 09:16:57 --> ErrorException: Undefined array key 0
[Method: GET, Route: order/72]
in APPPATH\Controllers\Page.php on line 57.
 1 APPPATH\Controllers\Page.php(57): CodeIgniter\Debug\Exceptions->errorHandler()
 2 SYSTEMPATH\CodeIgniter.php(933): App\Controllers\Page->order()
 3 SYSTEMPATH\CodeIgniter.php(507): CodeIgniter\CodeIgniter->runController()
 4 SYSTEMPATH\CodeIgniter.php(354): CodeIgniter\CodeIgniter->handleRequest()
 5 SYSTEMPATH\Boot.php(334): CodeIgniter\CodeIgniter->run()
 6 SYSTEMPATH\Boot.php(67): CodeIgniter\Boot::runCodeIgniter()
 7 FCPATH\index.php(59): CodeIgniter\Boot::bootWeb()
 8 SYSTEMPATH\rewrite.php(44): require_once('C:\\Users\\User\\Documents\\dafpus skripsi\\web\\Update_Web\\newwebsite\\marketplace (2)\\marketplace\\public\\index.php')
DEBUG - 2025-07-16 09:17:18 --> Session: Class initialized using 'CodeIgniter\Session\Handlers\FileHandler' driver.
INFO - 2025-07-16 09:17:18 --> Array
(
)

CRITICAL - 2025-07-16 09:17:18 --> ErrorException: Undefined array key 0
[Method: GET, Route: order/72]
in APPPATH\Controllers\Page.php on line 57.
 1 APPPATH\Controllers\Page.php(57): CodeIgniter\Debug\Exceptions->errorHandler()
 2 SYSTEMPATH\CodeIgniter.php(933): App\Controllers\Page->order()
 3 SYSTEMPATH\CodeIgniter.php(507): CodeIgniter\CodeIgniter->runController()
 4 SYSTEMPATH\CodeIgniter.php(354): CodeIgniter\CodeIgniter->handleRequest()
 5 SYSTEMPATH\Boot.php(334): CodeIgniter\CodeIgniter->run()
 6 SYSTEMPATH\Boot.php(67): CodeIgniter\Boot::runCodeIgniter()
 7 FCPATH\index.php(59): CodeIgniter\Boot::bootWeb()
 8 SYSTEMPATH\rewrite.php(44): require_once('C:\\Users\\User\\Documents\\dafpus skripsi\\web\\Update_Web\\newwebsite\\marketplace (2)\\marketplace\\public\\index.php')
DEBUG - 2025-07-16 09:17:27 --> Session: Class initialized using 'CodeIgniter\Session\Handlers\FileHandler' driver.
DEBUG - 2025-07-16 09:17:30 --> Session: Class initialized using 'CodeIgniter\Session\Handlers\FileHandler' driver.
DEBUG - 2025-07-16 09:17:34 --> Session: Class initialized using 'CodeIgniter\Session\Handlers\FileHandler' driver.
DEBUG - 2025-07-16 09:17:36 --> Session: Class initialized using 'CodeIgniter\Session\Handlers\FileHandler' driver.
DEBUG - 2025-07-16 09:17:38 --> Session: Class initialized using 'CodeIgniter\Session\Handlers\FileHandler' driver.
DEBUG - 2025-07-16 09:17:41 --> Session: Class initialized using 'CodeIgniter\Session\Handlers\FileHandler' driver.
DEBUG - 2025-07-16 09:17:43 --> Session: Class initialized using 'CodeIgniter\Session\Handlers\FileHandler' driver.
DEBUG - 2025-07-16 09:17:45 --> Session: Class initialized using 'CodeIgniter\Session\Handlers\FileHandler' driver.
DEBUG - 2025-07-16 09:17:45 --> Session: Class initialized using 'CodeIgniter\Session\Handlers\FileHandler' driver.
INFO - 2025-07-16 09:17:45 --> Array
(
    [0] => Array
        (
            [id] => 73
            [order_code] => c89c0d67-51c6-4740-b66e-0a91229e155d
            [total_price] => 60990
            [status] => pending
            [products] => [{"id":33,"quantity":1,"price":60990,"name":"Panci Masak Mie Dan Air","description":"panci ini terbuat dari bahan alumunium yang berbahan 22 oz sangat bagus untuk kami","image":"1752657272_bdd894fe800d2086cf42.jpg"}]
        )

)

DEBUG - 2025-07-16 09:17:47 --> Session: Class initialized using 'CodeIgniter\Session\Handlers\FileHandler' driver.
DEBUG - 2025-07-16 09:18:09 --> Session: Class initialized using 'CodeIgniter\Session\Handlers\FileHandler' driver.
INFO - 2025-07-16 09:18:09 --> Array
(
    [0] => Array
        (
            [id] => 73
            [order_code] => c89c0d67-51c6-4740-b66e-0a91229e155d
            [total_price] => 60990
            [status] => paid
            [products] => [{"id":33,"quantity":1,"price":60990,"name":"Panci Masak Mie Dan Air","description":"panci ini terbuat dari bahan alumunium yang berbahan 22 oz sangat bagus untuk kami","image":"1752657272_bdd894fe800d2086cf42.jpg"}]
        )

)

DEBUG - 2025-07-16 09:18:12 --> Session: Class initialized using 'CodeIgniter\Session\Handlers\FileHandler' driver.
DEBUG - 2025-07-16 09:18:23 --> Session: Class initialized using 'CodeIgniter\Session\Handlers\FileHandler' driver.
INFO - 2025-07-16 09:18:23 --> Array
(
    [0] => Array
        (
            [id] => 72
            [order_code] => 7972cd7c-c3ec-47c9-8761-c422e46acae1
            [total_price] => 60990
            [status] => paid
            [payment_image] => 1752657416_b9f9bd008d6ed2aa33b1.jpeg
            [address] => sandu
            [username] => rendy
            [products] => [{"id":33,"quantity":1,"price":60990,"name":"Panci Masak Mie Dan Air","description":"panci ini terbuat dari bahan alumunium yang berbahan 22 oz sangat bagus untuk kami"}]
        )

    [1] => Array
        (
            [id] => 73
            [order_code] => c89c0d67-51c6-4740-b66e-0a91229e155d
            [total_price] => 60990
            [status] => paid
            [payment_image] => 1752657488_ecec6a4bd474723467c4.jpeg
            [address] => ohiyaaya
            [username] => admin
            [products] => [{"id":33,"quantity":1,"price":60990,"name":"Panci Masak Mie Dan Air","description":"panci ini terbuat dari bahan alumunium yang berbahan 22 oz sangat bagus untuk kami"}]
        )

)

INFO - 2025-07-16 09:18:23 --> Array
(
    [0] => Array
        (
            [id] => 2
            [name] => Alat masak
        )

    [1] => Array
        (
            [id] => 3
            [name] => Alat pembersih
        )

    [2] => Array
        (
            [id] => 4
            [name] => Alat makan
        )

)

DEBUG - 2025-07-16 09:19:16 --> Session: Class initialized using 'CodeIgniter\Session\Handlers\FileHandler' driver.
DEBUG - 2025-07-16 09:19:16 --> Session: Class initialized using 'CodeIgniter\Session\Handlers\FileHandler' driver.
DEBUG - 2025-07-16 09:19:17 --> Session: Class initialized using 'CodeIgniter\Session\Handlers\FileHandler' driver.
DEBUG - 2025-07-16 09:19:19 --> Session: Class initialized using 'CodeIgniter\Session\Handlers\FileHandler' driver.
DEBUG - 2025-07-16 09:19:37 --> Session: Class initialized using 'CodeIgniter\Session\Handlers\FileHandler' driver.
DEBUG - 2025-07-16 09:19:47 --> Session: Class initialized using 'CodeIgniter\Session\Handlers\FileHandler' driver.
DEBUG - 2025-07-16 09:19:47 --> Session: Class initialized using 'CodeIgniter\Session\Handlers\FileHandler' driver.
INFO - 2025-07-16 09:19:47 --> Array
(
    [0] => Array
        (
            [id] => 72
            [order_code] => 7972cd7c-c3ec-47c9-8761-c422e46acae1
            [total_price] => 60990
            [status] => paid
            [payment_image] => 1752657416_b9f9bd008d6ed2aa33b1.jpeg
            [address] => sandu
            [username] => rendy
            [products] => [{"id":33,"quantity":1,"price":60990,"name":"Panci Masak Mie Dan Air","description":"panci ini terbuat dari bahan alumunium yang berbahan 22 oz sangat bagus untuk kami"}]
        )

    [1] => Array
        (
            [id] => 73
            [order_code] => c89c0d67-51c6-4740-b66e-0a91229e155d
            [total_price] => 60990
            [status] => paid
            [payment_image] => 1752657488_ecec6a4bd474723467c4.jpeg
            [address] => ohiyaaya
            [username] => admin
            [products] => [{"id":33,"quantity":1,"price":60990,"name":"Panci Masak Mie Dan Air","description":"panci ini terbuat dari bahan alumunium yang berbahan 22 oz sangat bagus untuk kami"}]
        )

)

INFO - 2025-07-16 09:19:47 --> Array
(
    [0] => Array
        (
            [id] => 2
            [name] => Alat masak
        )

    [1] => Array
        (
            [id] => 3
            [name] => Alat pembersih
        )

    [2] => Array
        (
            [id] => 4
            [name] => Alat makan
        )

)

DEBUG - 2025-07-16 09:20:02 --> Session: Class initialized using 'CodeIgniter\Session\Handlers\FileHandler' driver.
INFO - 2025-07-16 09:20:02 --> Array
(
    [0] => Array
        (
            [id] => 72
            [order_code] => 7972cd7c-c3ec-47c9-8761-c422e46acae1
            [total_price] => 60990
            [status] => paid
            [payment_image] => 1752657416_b9f9bd008d6ed2aa33b1.jpeg
            [address] => sandu
            [username] => rendy
            [products] => [{"id":33,"quantity":1,"price":60990,"name":"Panci Masak Mie Dan Air","description":"panci ini terbuat dari bahan alumunium yang berbahan 22 oz sangat bagus untuk kami"}]
        )

    [1] => Array
        (
            [id] => 73
            [order_code] => c89c0d67-51c6-4740-b66e-0a91229e155d
            [total_price] => 60990
            [status] => paid
            [payment_image] => 1752657488_ecec6a4bd474723467c4.jpeg
            [address] => ohiyaaya
            [username] => admin
            [products] => [{"id":33,"quantity":1,"price":60990,"name":"Panci Masak Mie Dan Air","description":"panci ini terbuat dari bahan alumunium yang berbahan 22 oz sangat bagus untuk kami"}]
        )

)

INFO - 2025-07-16 09:20:02 --> Array
(
    [0] => Array
        (
            [id] => 2
            [name] => Alat masak
        )

    [1] => Array
        (
            [id] => 3
            [name] => Alat pembersih
        )

    [2] => Array
        (
            [id] => 4
            [name] => Alat makan
        )

)

