DEBUG - 2025-06-23 10:40:51 --> Session: Class initialized using 'CodeIgniter\Session\Handlers\FileHandler' driver.
INFO - 2025-06-23 10:40:51 --> Array
(
    [0] => Array
        (
            [id] => 14
            [order_code] => fd05ffd0-3370-4ec3-a0f3-1302fad98d53
            [total_price] => 205000
            [status] => pending
            [qty_list] => 1,3,2
            [price_list] => 25000,120000,60000
        )

)

CRITICAL - 2025-06-23 10:40:51 --> ErrorException: Undefined variable $order
[Method: GET, Route: order/fd05ffd0-3370-4ec3-a0f3-1302fad98d53]
in APPPATH/Views/pages/order.php on line 7.
 1 APPPATH/Views/pages/order.php(7): CodeIgniter\Debug\Exceptions->errorHandler(2, 'Undefined variable $order', '/Users/fdhlakbrrr/workspaces/Development/marketplace/app/Views/pages/order.php', 7)
 2 SYSTEMPATH/View/View.php(224): include('/Users/fdhlakbrrr/workspaces/Development/marketplace/app/Views/pages/order.php')
 3 SYSTEMPATH/View/View.php(227): CodeIgniter\View\View->{closure:CodeIgniter\View\View::render():221}()
 4 SYSTEMPATH/Common.php(1173): CodeIgniter\View\View->render('pages/order', [], true)
 5 APPPATH/Controllers/Page.php(60): view('pages/order', [...])
 6 SYSTEMPATH/CodeIgniter.php(933): App\Controllers\Page->order('fd05ffd0-3370-4ec3-a0f3-1302fad98d53')
 7 SYSTEMPATH/CodeIgniter.php(507): CodeIgniter\CodeIgniter->runController(Object(App\Controllers\Page))
 8 SYSTEMPATH/CodeIgniter.php(354): CodeIgniter\CodeIgniter->handleRequest(null, Object(Config\Cache), false)
 9 SYSTEMPATH/Boot.php(334): CodeIgniter\CodeIgniter->run()
10 SYSTEMPATH/Boot.php(67): CodeIgniter\Boot::runCodeIgniter(Object(CodeIgniter\CodeIgniter))
11 FCPATH/index.php(59): CodeIgniter\Boot::bootWeb(Object(Config\Paths))
12 SYSTEMPATH/rewrite.php(44): require_once('/Users/fdhlakbrrr/workspaces/Development/marketplace/public/index.php')
DEBUG - 2025-06-23 10:41:41 --> Session: Class initialized using 'CodeIgniter\Session\Handlers\FileHandler' driver.
INFO - 2025-06-23 10:41:41 --> Array
(
    [0] => Array
        (
            [id] => 14
            [order_code] => fd05ffd0-3370-4ec3-a0f3-1302fad98d53
            [total_price] => 205000
            [status] => pending
            [qty_list] => 1,3,2
            [price_list] => 25000,120000,60000
        )

)

CRITICAL - 2025-06-23 10:41:41 --> ErrorException: Undefined variable $order
[Method: GET, Route: order/fd05ffd0-3370-4ec3-a0f3-1302fad98d53]
in APPPATH/Views/pages/order.php on line 7.
 1 APPPATH/Views/pages/order.php(7): CodeIgniter\Debug\Exceptions->errorHandler(2, 'Undefined variable $order', '/Users/fdhlakbrrr/workspaces/Development/marketplace/app/Views/pages/order.php', 7)
 2 SYSTEMPATH/View/View.php(224): include('/Users/fdhlakbrrr/workspaces/Development/marketplace/app/Views/pages/order.php')
 3 SYSTEMPATH/View/View.php(227): CodeIgniter\View\View->{closure:CodeIgniter\View\View::render():221}()
 4 SYSTEMPATH/Common.php(1173): CodeIgniter\View\View->render('pages/order', [], true)
 5 APPPATH/Controllers/Page.php(60): view('pages/order', [...])
 6 SYSTEMPATH/CodeIgniter.php(933): App\Controllers\Page->order('fd05ffd0-3370-4ec3-a0f3-1302fad98d53')
 7 SYSTEMPATH/CodeIgniter.php(507): CodeIgniter\CodeIgniter->runController(Object(App\Controllers\Page))
 8 SYSTEMPATH/CodeIgniter.php(354): CodeIgniter\CodeIgniter->handleRequest(null, Object(Config\Cache), false)
 9 SYSTEMPATH/Boot.php(334): CodeIgniter\CodeIgniter->run()
10 SYSTEMPATH/Boot.php(67): CodeIgniter\Boot::runCodeIgniter(Object(CodeIgniter\CodeIgniter))
11 FCPATH/index.php(59): CodeIgniter\Boot::bootWeb(Object(Config\Paths))
12 SYSTEMPATH/rewrite.php(44): require_once('/Users/fdhlakbrrr/workspaces/Development/marketplace/public/index.php')
DEBUG - 2025-06-23 10:46:35 --> Session: Class initialized using 'CodeIgniter\Session\Handlers\FileHandler' driver.
INFO - 2025-06-23 10:46:35 --> Array
(
    [0] => stdClass Object
        (
            [id] => 14
            [order_code] => fd05ffd0-3370-4ec3-a0f3-1302fad98d53
            [total_price] => 205000
            [status] => pending
            [qty_list] => 1,3,2
            [price_list] => 25000,120000,60000
        )

)

CRITICAL - 2025-06-23 10:46:35 --> ErrorException: Undefined variable $order
[Method: GET, Route: order/fd05ffd0-3370-4ec3-a0f3-1302fad98d53]
in APPPATH/Views/pages/order.php on line 7.
 1 APPPATH/Views/pages/order.php(7): CodeIgniter\Debug\Exceptions->errorHandler(2, 'Undefined variable $order', '/Users/fdhlakbrrr/workspaces/Development/marketplace/app/Views/pages/order.php', 7)
 2 SYSTEMPATH/View/View.php(224): include('/Users/fdhlakbrrr/workspaces/Development/marketplace/app/Views/pages/order.php')
 3 SYSTEMPATH/View/View.php(227): CodeIgniter\View\View->{closure:CodeIgniter\View\View::render():221}()
 4 SYSTEMPATH/Common.php(1173): CodeIgniter\View\View->render('pages/order', [], true)
 5 APPPATH/Controllers/Page.php(60): view('pages/order', [...])
 6 SYSTEMPATH/CodeIgniter.php(933): App\Controllers\Page->order('fd05ffd0-3370-4ec3-a0f3-1302fad98d53')
 7 SYSTEMPATH/CodeIgniter.php(507): CodeIgniter\CodeIgniter->runController(Object(App\Controllers\Page))
 8 SYSTEMPATH/CodeIgniter.php(354): CodeIgniter\CodeIgniter->handleRequest(null, Object(Config\Cache), false)
 9 SYSTEMPATH/Boot.php(334): CodeIgniter\CodeIgniter->run()
10 SYSTEMPATH/Boot.php(67): CodeIgniter\Boot::runCodeIgniter(Object(CodeIgniter\CodeIgniter))
11 FCPATH/index.php(59): CodeIgniter\Boot::bootWeb(Object(Config\Paths))
12 SYSTEMPATH/rewrite.php(44): require_once('/Users/fdhlakbrrr/workspaces/Development/marketplace/public/index.php')
DEBUG - 2025-06-23 10:47:58 --> Session: Class initialized using 'CodeIgniter\Session\Handlers\FileHandler' driver.
INFO - 2025-06-23 10:47:58 --> Array
(
    [0] => Array
        (
            [id] => 14
            [order_code] => fd05ffd0-3370-4ec3-a0f3-1302fad98d53
            [total_price] => 205000
            [status] => pending
            [qty_list] => 1,3,2
            [price_list] => 25000,120000,60000
        )

)

CRITICAL - 2025-06-23 10:47:58 --> ErrorException: Undefined variable $order
[Method: GET, Route: order/fd05ffd0-3370-4ec3-a0f3-1302fad98d53]
in APPPATH/Views/pages/order.php on line 7.
 1 APPPATH/Views/pages/order.php(7): CodeIgniter\Debug\Exceptions->errorHandler(2, 'Undefined variable $order', '/Users/fdhlakbrrr/workspaces/Development/marketplace/app/Views/pages/order.php', 7)
 2 SYSTEMPATH/View/View.php(224): include('/Users/fdhlakbrrr/workspaces/Development/marketplace/app/Views/pages/order.php')
 3 SYSTEMPATH/View/View.php(227): CodeIgniter\View\View->{closure:CodeIgniter\View\View::render():221}()
 4 SYSTEMPATH/Common.php(1173): CodeIgniter\View\View->render('pages/order', [], true)
 5 APPPATH/Controllers/Page.php(60): view('pages/order', [...])
 6 SYSTEMPATH/CodeIgniter.php(933): App\Controllers\Page->order('fd05ffd0-3370-4ec3-a0f3-1302fad98d53')
 7 SYSTEMPATH/CodeIgniter.php(507): CodeIgniter\CodeIgniter->runController(Object(App\Controllers\Page))
 8 SYSTEMPATH/CodeIgniter.php(354): CodeIgniter\CodeIgniter->handleRequest(null, Object(Config\Cache), false)
 9 SYSTEMPATH/Boot.php(334): CodeIgniter\CodeIgniter->run()
10 SYSTEMPATH/Boot.php(67): CodeIgniter\Boot::runCodeIgniter(Object(CodeIgniter\CodeIgniter))
11 FCPATH/index.php(59): CodeIgniter\Boot::bootWeb(Object(Config\Paths))
12 SYSTEMPATH/rewrite.php(44): require_once('/Users/fdhlakbrrr/workspaces/Development/marketplace/public/index.php')
DEBUG - 2025-06-23 10:48:00 --> Session: Class initialized using 'CodeIgniter\Session\Handlers\FileHandler' driver.
INFO - 2025-06-23 10:48:00 --> Array
(
    [0] => Array
        (
            [id] => 14
            [order_code] => fd05ffd0-3370-4ec3-a0f3-1302fad98d53
            [total_price] => 205000
            [status] => pending
            [qty_list] => 1,3,2
            [price_list] => 25000,120000,60000
        )

)

CRITICAL - 2025-06-23 10:48:00 --> ErrorException: Undefined variable $order
[Method: GET, Route: order/fd05ffd0-3370-4ec3-a0f3-1302fad98d53]
in APPPATH/Views/pages/order.php on line 7.
 1 APPPATH/Views/pages/order.php(7): CodeIgniter\Debug\Exceptions->errorHandler(2, 'Undefined variable $order', '/Users/fdhlakbrrr/workspaces/Development/marketplace/app/Views/pages/order.php', 7)
 2 SYSTEMPATH/View/View.php(224): include('/Users/fdhlakbrrr/workspaces/Development/marketplace/app/Views/pages/order.php')
 3 SYSTEMPATH/View/View.php(227): CodeIgniter\View\View->{closure:CodeIgniter\View\View::render():221}()
 4 SYSTEMPATH/Common.php(1173): CodeIgniter\View\View->render('pages/order', [], true)
 5 APPPATH/Controllers/Page.php(60): view('pages/order', [...])
 6 SYSTEMPATH/CodeIgniter.php(933): App\Controllers\Page->order('fd05ffd0-3370-4ec3-a0f3-1302fad98d53')
 7 SYSTEMPATH/CodeIgniter.php(507): CodeIgniter\CodeIgniter->runController(Object(App\Controllers\Page))
 8 SYSTEMPATH/CodeIgniter.php(354): CodeIgniter\CodeIgniter->handleRequest(null, Object(Config\Cache), false)
 9 SYSTEMPATH/Boot.php(334): CodeIgniter\CodeIgniter->run()
10 SYSTEMPATH/Boot.php(67): CodeIgniter\Boot::runCodeIgniter(Object(CodeIgniter\CodeIgniter))
11 FCPATH/index.php(59): CodeIgniter\Boot::bootWeb(Object(Config\Paths))
12 SYSTEMPATH/rewrite.php(44): require_once('/Users/fdhlakbrrr/workspaces/Development/marketplace/public/index.php')
DEBUG - 2025-06-23 10:48:03 --> Session: Class initialized using 'CodeIgniter\Session\Handlers\FileHandler' driver.
INFO - 2025-06-23 10:48:03 --> Array
(
    [0] => Array
        (
            [id] => 14
            [order_code] => fd05ffd0-3370-4ec3-a0f3-1302fad98d53
            [total_price] => 205000
            [status] => pending
            [qty_list] => 1,3,2
            [price_list] => 25000,120000,60000
        )

)

CRITICAL - 2025-06-23 10:48:03 --> ErrorException: Undefined variable $order
[Method: GET, Route: order/fd05ffd0-3370-4ec3-a0f3-1302fad98d53]
in APPPATH/Views/pages/order.php on line 7.
 1 APPPATH/Views/pages/order.php(7): CodeIgniter\Debug\Exceptions->errorHandler(2, 'Undefined variable $order', '/Users/fdhlakbrrr/workspaces/Development/marketplace/app/Views/pages/order.php', 7)
 2 SYSTEMPATH/View/View.php(224): include('/Users/fdhlakbrrr/workspaces/Development/marketplace/app/Views/pages/order.php')
 3 SYSTEMPATH/View/View.php(227): CodeIgniter\View\View->{closure:CodeIgniter\View\View::render():221}()
 4 SYSTEMPATH/Common.php(1173): CodeIgniter\View\View->render('pages/order', [], true)
 5 APPPATH/Controllers/Page.php(60): view('pages/order', [...])
 6 SYSTEMPATH/CodeIgniter.php(933): App\Controllers\Page->order('fd05ffd0-3370-4ec3-a0f3-1302fad98d53')
 7 SYSTEMPATH/CodeIgniter.php(507): CodeIgniter\CodeIgniter->runController(Object(App\Controllers\Page))
 8 SYSTEMPATH/CodeIgniter.php(354): CodeIgniter\CodeIgniter->handleRequest(null, Object(Config\Cache), false)
 9 SYSTEMPATH/Boot.php(334): CodeIgniter\CodeIgniter->run()
10 SYSTEMPATH/Boot.php(67): CodeIgniter\Boot::runCodeIgniter(Object(CodeIgniter\CodeIgniter))
11 FCPATH/index.php(59): CodeIgniter\Boot::bootWeb(Object(Config\Paths))
12 SYSTEMPATH/rewrite.php(44): require_once('/Users/fdhlakbrrr/workspaces/Development/marketplace/public/index.php')
DEBUG - 2025-06-23 10:48:14 --> Session: Class initialized using 'CodeIgniter\Session\Handlers\FileHandler' driver.
INFO - 2025-06-23 10:48:14 --> Array
(
    [0] => Array
        (
            [id] => 14
            [order_code] => fd05ffd0-3370-4ec3-a0f3-1302fad98d53
            [total_price] => 205000
            [status] => pending
            [qty_list] => 1,3,2
            [price_list] => 25000,120000,60000
        )

)

CRITICAL - 2025-06-23 10:48:14 --> ErrorException: Undefined variable $order
[Method: GET, Route: order/fd05ffd0-3370-4ec3-a0f3-1302fad98d53]
in APPPATH/Views/pages/order.php on line 7.
 1 APPPATH/Views/pages/order.php(7): CodeIgniter\Debug\Exceptions->errorHandler(2, 'Undefined variable $order', '/Users/fdhlakbrrr/workspaces/Development/marketplace/app/Views/pages/order.php', 7)
 2 SYSTEMPATH/View/View.php(224): include('/Users/fdhlakbrrr/workspaces/Development/marketplace/app/Views/pages/order.php')
 3 SYSTEMPATH/View/View.php(227): CodeIgniter\View\View->{closure:CodeIgniter\View\View::render():221}()
 4 SYSTEMPATH/Common.php(1173): CodeIgniter\View\View->render('pages/order', [], true)
 5 APPPATH/Controllers/Page.php(60): view('pages/order', [...])
 6 SYSTEMPATH/CodeIgniter.php(933): App\Controllers\Page->order('fd05ffd0-3370-4ec3-a0f3-1302fad98d53')
 7 SYSTEMPATH/CodeIgniter.php(507): CodeIgniter\CodeIgniter->runController(Object(App\Controllers\Page))
 8 SYSTEMPATH/CodeIgniter.php(354): CodeIgniter\CodeIgniter->handleRequest(null, Object(Config\Cache), false)
 9 SYSTEMPATH/Boot.php(334): CodeIgniter\CodeIgniter->run()
10 SYSTEMPATH/Boot.php(67): CodeIgniter\Boot::runCodeIgniter(Object(CodeIgniter\CodeIgniter))
11 FCPATH/index.php(59): CodeIgniter\Boot::bootWeb(Object(Config\Paths))
12 SYSTEMPATH/rewrite.php(44): require_once('/Users/fdhlakbrrr/workspaces/Development/marketplace/public/index.php')
DEBUG - 2025-06-23 10:48:24 --> Session: Class initialized using 'CodeIgniter\Session\Handlers\FileHandler' driver.
INFO - 2025-06-23 10:48:24 --> Array
(
    [0] => Array
        (
            [id] => 14
            [order_code] => fd05ffd0-3370-4ec3-a0f3-1302fad98d53
            [total_price] => 205000
            [status] => pending
            [qty_list] => 1,3,2
            [price_list] => 25000,120000,60000
        )

)

DEBUG - 2025-06-23 10:48:24 --> Session: Class initialized using 'CodeIgniter\Session\Handlers\FileHandler' driver.
DEBUG - 2025-06-23 10:48:31 --> Session: Class initialized using 'CodeIgniter\Session\Handlers\FileHandler' driver.
INFO - 2025-06-23 10:48:31 --> Array
(
    [0] => Array
        (
            [id] => 14
            [order_code] => fd05ffd0-3370-4ec3-a0f3-1302fad98d53
            [total_price] => 205000
            [status] => pending
            [qty_list] => 1,3,2
            [price_list] => 25000,120000,60000
        )

)

DEBUG - 2025-06-23 10:48:32 --> Session: Class initialized using 'CodeIgniter\Session\Handlers\FileHandler' driver.
DEBUG - 2025-06-23 10:49:10 --> Session: Class initialized using 'CodeIgniter\Session\Handlers\FileHandler' driver.
INFO - 2025-06-23 10:49:10 --> Array
(
    [0] => Array
        (
            [id] => 14
            [order_code] => fd05ffd0-3370-4ec3-a0f3-1302fad98d53
            [total_price] => 205000
            [status] => pending
            [qty_list] => 1,3,2
            [price_list] => 25000,120000,60000
        )

)

CRITICAL - 2025-06-23 10:49:10 --> ErrorException: Undefined variable $order
[Method: GET, Route: order/fd05ffd0-3370-4ec3-a0f3-1302fad98d53]
in APPPATH/Views/pages/order.php on line 7.
 1 APPPATH/Views/pages/order.php(7): CodeIgniter\Debug\Exceptions->errorHandler(2, 'Undefined variable $order', '/Users/fdhlakbrrr/workspaces/Development/marketplace/app/Views/pages/order.php', 7)
 2 SYSTEMPATH/View/View.php(224): include('/Users/fdhlakbrrr/workspaces/Development/marketplace/app/Views/pages/order.php')
 3 SYSTEMPATH/View/View.php(227): CodeIgniter\View\View->{closure:CodeIgniter\View\View::render():221}()
 4 SYSTEMPATH/Common.php(1173): CodeIgniter\View\View->render('pages/order', [], true)
 5 APPPATH/Controllers/Page.php(60): view('pages/order', [...])
 6 SYSTEMPATH/CodeIgniter.php(933): App\Controllers\Page->order('fd05ffd0-3370-4ec3-a0f3-1302fad98d53')
 7 SYSTEMPATH/CodeIgniter.php(507): CodeIgniter\CodeIgniter->runController(Object(App\Controllers\Page))
 8 SYSTEMPATH/CodeIgniter.php(354): CodeIgniter\CodeIgniter->handleRequest(null, Object(Config\Cache), false)
 9 SYSTEMPATH/Boot.php(334): CodeIgniter\CodeIgniter->run()
10 SYSTEMPATH/Boot.php(67): CodeIgniter\Boot::runCodeIgniter(Object(CodeIgniter\CodeIgniter))
11 FCPATH/index.php(59): CodeIgniter\Boot::bootWeb(Object(Config\Paths))
12 SYSTEMPATH/rewrite.php(44): require_once('/Users/fdhlakbrrr/workspaces/Development/marketplace/public/index.php')
DEBUG - 2025-06-23 11:01:24 --> Session: Class initialized using 'CodeIgniter\Session\Handlers\FileHandler' driver.
INFO - 2025-06-23 11:01:24 --> Array
(
    [0] => Array
        (
            [id] => 14
            [order_code] => fd05ffd0-3370-4ec3-a0f3-1302fad98d53
            [total_price] => 205000
            [status] => pending
            [qty_list] => 1,3,2
            [price_list] => 25000,120000,60000
        )

)

DEBUG - 2025-06-23 11:01:24 --> Session: Class initialized using 'CodeIgniter\Session\Handlers\FileHandler' driver.
DEBUG - 2025-06-23 11:07:42 --> Session: Class initialized using 'CodeIgniter\Session\Handlers\FileHandler' driver.
DEBUG - 2025-06-23 11:07:42 --> Session: Class initialized using 'CodeIgniter\Session\Handlers\FileHandler' driver.
DEBUG - 2025-06-23 11:07:44 --> Session: Class initialized using 'CodeIgniter\Session\Handlers\FileHandler' driver.
DEBUG - 2025-06-23 11:07:44 --> Session: Class initialized using 'CodeIgniter\Session\Handlers\FileHandler' driver.
DEBUG - 2025-06-23 11:07:52 --> Session: Class initialized using 'CodeIgniter\Session\Handlers\FileHandler' driver.
INFO - 2025-06-23 11:07:52 --> Array
(
    [0] => Array
        (
            [id] => 14
            [order_code] => fd05ffd0-3370-4ec3-a0f3-1302fad98d53
            [total_price] => 205000
            [status] => pending
            [qty_list] => 1,3,2
            [price_list] => 25000,120000,60000
        )

)

DEBUG - 2025-06-23 11:07:53 --> Session: Class initialized using 'CodeIgniter\Session\Handlers\FileHandler' driver.
